<?xml version="1.0" encoding="UTF-8"?>
<!-- Generated by org.testng.reporters.JUnitXMLReporter -->
<testsuite hostname="Hp-PC" ignored="0" name="title checks" tests="1" failures="1" timestamp="10 Jun 2021 10:08:52 GMT" time="53.285" errors="0">
  <testcase name="validateTitleTest" time="14.782" classname="testPackage.validateTitle">
    <failure type="java.lang.AssertionError" message="expected [Featured Courses23] but found [Featured Courses]">
      <![CDATA[java.lang.AssertionError: expected [Featured Courses23] but found [Featured Courses]
at testPackage.validateTitle.validateTitleTest(validateTitle.java:33)
at java.util.concurrent.FutureTask.run(Unknown Source)
at java.util.concurrent.ThreadPoolExecutor.runWorker(Unknown Source)
at java.util.concurrent.ThreadPoolExecutor$Worker.run(Unknown Source)
at java.lang.Thread.run(Unknown Source)
... Removed 22 stack frames]]>
    </failure>
  </testcase> <!-- validateTitleTest -->
</testsuite> <!-- title checks -->
