-------------------------------------------------------------------------------
Test set: TestSuite
-------------------------------------------------------------------------------
Tests run: 3, Failures: 1, Errors: 0, Skipped: 0, Time elapsed: 54.557 s <<< FAILURE! - in TestSuite
testPackage.validateTitle.basePage  Time elapsed: 0.374 s  <<< FAILURE!
java.lang.AssertionError: expected [Featured Courses23] but found [Featured Courses]
	at testPackage.validateTitle.basePage(validateTitle.java:33)

